<?xml version="1.0" encoding="UTF-8"?>
<testng-results ignored="0" total="1" passed="1" failed="0" skipped="0">
  <reporter-output>
  </reporter-output>
  <suite started-at="2024-09-16T13:55:07 IST" name="Suite" finished-at="2024-09-16T13:55:29 IST" duration-ms="21462">
    <groups>
    </groups>
    <test started-at="2024-09-16T13:55:07 IST" name="Test" finished-at="2024-09-16T13:55:29 IST" duration-ms="21462">
      <class name="org.test.qa.GitAndGithubTest.Test1">
        <test-method signature="TC001()[pri:0, instance:org.test.qa.GitAndGithubTest.Test1@f0c8a99]" started-at="2024-09-16T13:55:07 IST" name="TC001" finished-at="2024-09-16T13:55:29 IST" duration-ms="21399" status="PASS">
          <reporter-output>
          </reporter-output>
        </test-method> <!-- TC001 -->
      </class> <!-- org.test.qa.GitAndGithubTest.Test1 -->
    </test> <!-- Test -->
  </suite> <!-- Suite -->
</testng-results>
